<?xml version="1.0" encoding="UTF-8"?>
<testng-results ignored="0" total="2" passed="1" failed="1" skipped="0">
  <reporter-output>
  </reporter-output>
  <suite started-at="2024-07-10T17:07:51Z" name="Default suite" finished-at="2024-07-10T17:07:56Z" duration-ms="5069">
    <groups>
    </groups>
    <test started-at="2024-07-10T17:07:51Z" name="Default test" finished-at="2024-07-10T17:07:56Z" duration-ms="5069">
      <class name="com.as.qa.test.AssetsOfInterest">
        <test-method is-config="true" signature="Setup()[pri:0, instance:com.as.qa.test.AssetsOfInterest@58ce9668]" started-at="2024-07-10T17:07:51Z" name="Setup" finished-at="2024-07-10T17:07:53Z" duration-ms="2311" status="PASS">
          <reporter-output>
          </reporter-output>
        </test-method> <!-- Setup -->
        <test-method signature="testGetAssureAssetsEndpoint()[pri:0, instance:com.as.qa.test.AssetsOfInterest@58ce9668]" started-at="2024-07-10T17:07:53Z" name="testGetAssureAssetsEndpoint" finished-at="2024-07-10T17:07:54Z" duration-ms="1110" status="FAIL">
          <exception class="java.lang.AssertionError">
            <message>
              <![CDATA[Response time is too slow expected [true] but found [false]]]>
            </message>
            <full-stacktrace>
              <![CDATA[java.lang.AssertionError: Response time is too slow expected [true] but found [false]
at org.testng.Assert.fail(Assert.java:96)
at org.testng.Assert.failNotEquals(Assert.java:776)
at org.testng.Assert.assertTrue(Assert.java:44)
at com.as.qa.test.AssetsOfInterest.testGetAssureAssetsEndpoint(AssetsOfInterest.java:42)
at java.base/jdk.internal.reflect.NativeMethodAccessorImpl.invoke0(Native Method)
at java.base/jdk.internal.reflect.NativeMethodAccessorImpl.invoke(NativeMethodAccessorImpl.java:62)
at java.base/jdk.internal.reflect.DelegatingMethodAccessorImpl.invoke(DelegatingMethodAccessorImpl.java:43)
at java.base/java.lang.reflect.Method.invoke(Method.java:566)
at org.testng.internal.MethodInvocationHelper.invokeMethod(MethodInvocationHelper.java:124)
at org.testng.internal.Invoker.invokeMethod(Invoker.java:583)
at org.testng.internal.Invoker.invokeTestMethod(Invoker.java:719)
at org.testng.internal.Invoker.invokeTestMethods(Invoker.java:989)
at org.testng.internal.TestMethodWorker.invokeTestMethods(TestMethodWorker.java:125)
at org.testng.internal.TestMethodWorker.run(TestMethodWorker.java:109)
at org.testng.TestRunner.privateRun(TestRunner.java:648)
at org.testng.TestRunner.run(TestRunner.java:505)
at org.testng.SuiteRunner.runTest(SuiteRunner.java:455)
at org.testng.SuiteRunner.runSequentially(SuiteRunner.java:450)
at org.testng.SuiteRunner.privateRun(SuiteRunner.java:415)
at org.testng.SuiteRunner.run(SuiteRunner.java:364)
at org.testng.SuiteRunnerWorker.runSuite(SuiteRunnerWorker.java:52)
at org.testng.SuiteRunnerWorker.run(SuiteRunnerWorker.java:84)
at org.testng.TestNG.runSuitesSequentially(TestNG.java:1208)
at org.testng.TestNG.runSuitesLocally(TestNG.java:1137)
at org.testng.TestNG.runSuites(TestNG.java:1049)
at org.testng.TestNG.run(TestNG.java:1017)
at org.testng.remote.AbstractRemoteTestNG.run(AbstractRemoteTestNG.java:115)
at org.testng.remote.RemoteTestNG.initAndRun(RemoteTestNG.java:251)
at org.testng.remote.RemoteTestNG.main(RemoteTestNG.java:77)
]]>
            </full-stacktrace>
          </exception> <!-- java.lang.AssertionError -->
          <reporter-output>
          </reporter-output>
        </test-method> <!-- testGetAssureAssetsEndpoint -->
        <test-method is-config="true" signature="Setup()[pri:0, instance:com.as.qa.test.AssetsOfInterest@58ce9668]" started-at="2024-07-10T17:07:54Z" name="Setup" finished-at="2024-07-10T17:07:55Z" duration-ms="352" status="PASS">
          <reporter-output>
          </reporter-output>
        </test-method> <!-- Setup -->
        <test-method signature="testPostAssureAssetCodesByEquivalencesAndPrimaryClassification()[pri:1, instance:com.as.qa.test.AssetsOfInterest@58ce9668]" started-at="2024-07-10T17:07:55Z" name="testPostAssureAssetCodesByEquivalencesAndPrimaryClassification" finished-at="2024-07-10T17:07:56Z" duration-ms="1271" status="PASS">
          <reporter-output>
          </reporter-output>
        </test-method> <!-- testPostAssureAssetCodesByEquivalencesAndPrimaryClassification -->
      </class> <!-- com.as.qa.test.AssetsOfInterest -->
    </test> <!-- Default test -->
  </suite> <!-- Default suite -->
</testng-results>
